<?xml version="1.0" encoding="UTF-8"?>
<!-- Generated by org.testng.reporters.JUnitReportReporter -->
<testsuite hostname="LAPTOP-DEVK9AU1" failures="0" tests="7" name="com.test.FlipCartTestChrome" time="40.815" errors="0" timestamp="2022-10-13T15:23:55 IST" skipped="0">
  <testcase classname="com.test.FlipCartTestChrome" name="closeLogin" time="1.282"/>
  <system-out/>
  <testcase classname="com.test.FlipCartTestChrome" name="scroll" time="6.074"/>
  <system-out/>
  <testcase classname="com.test.FlipCartTestChrome" name="searchProduct" time="5.516"/>
  <system-out/>
  <testcase classname="com.test.FlipCartTestChrome" name="loadImage" time="18.048"/>
  <system-out/>
  <testcase classname="com.test.FlipCartTestChrome" name="scrollFrequency" time="2.052"/>
  <system-out/>
  <testcase classname="com.test.FlipCartTestChrome" name="downloadImages" time="0.029"/>
  <system-out/>
  <testcase classname="com.test.FlipCartTestChrome" name="screenResolution" time="7.814"/>
  <system-out/>
</testsuite> <!-- com.test.FlipCartTestChrome -->
