<?xml version="1.0" encoding="UTF-8"?>
<!-- Generated by org.testng.reporters.JUnitReportReporter -->
<testsuite hostname="LAPTOP-DEVK9AU1" failures="0" tests="7" name="com.test.FlipCartEdge" time="33.725" errors="0" timestamp="2022-10-13T15:13:03 IST" skipped="0">
  <testcase classname="com.test.FlipCartEdge" name="closeLogin" time="1.346"/>
  <system-out/>
  <testcase classname="com.test.FlipCartEdge" name="scroll" time="6.070"/>
  <system-out/>
  <testcase classname="com.test.FlipCartEdge" name="searchProduct" time="5.617"/>
  <system-out/>
  <testcase classname="com.test.FlipCartEdge" name="loadImage" time="10.878"/>
  <system-out/>
  <testcase classname="com.test.FlipCartEdge" name="scrollFrequency" time="2.046"/>
  <system-out/>
  <testcase classname="com.test.FlipCartEdge" name="downloadImages" time="0.036"/>
  <system-out/>
  <testcase classname="com.test.FlipCartEdge" name="screenResolution" time="7.732"/>
  <system-out/>
</testsuite> <!-- com.test.FlipCartEdge -->
